<?xml version="1.0" encoding="UTF-8"?>
<testsuite xmlns:xsi="http://www.w3.org/2001/XMLSchema-instance" xsi:noNamespaceSchemaLocation="https://maven.apache.org/surefire/maven-surefire-plugin/xsd/surefire-test-report.xsd" name="com.example.reggie_waimai.ReggieWaimaiApplicationTests" time="10.776" tests="2" errors="0" skipped="0" failures="0">
  <properties>
    <property name="sun.desktop" value="windows"/>
    <property name="awt.toolkit" value="sun.awt.windows.WToolkit"/>
    <property name="java.specification.version" value="11"/>
    <property name="sun.cpu.isalist" value="amd64"/>
    <property name="sun.jnu.encoding" value="GBK"/>
    <property name="java.class.path" value="D:\webcode\reggie_waimai\target\test-classes;D:\webcode\reggie_waimai\target\classes;C:\Users\29256\.m2\repository\org\springframework\boot\spring-boot-starter-web\2.7.16\spring-boot-starter-web-2.7.16.jar;C:\Users\29256\.m2\repository\org\springframework\boot\spring-boot-starter\2.7.16\spring-boot-starter-2.7.16.jar;C:\Users\29256\.m2\repository\org\springframework\boot\spring-boot\2.7.16\spring-boot-2.7.16.jar;C:\Users\29256\.m2\repository\org\springframework\boot\spring-boot-starter-logging\2.7.16\spring-boot-starter-logging-2.7.16.jar;C:\Users\29256\.m2\repository\ch\qos\logback\logback-classic\1.2.12\logback-classic-1.2.12.jar;C:\Users\29256\.m2\repository\ch\qos\logback\logback-core\1.2.12\logback-core-1.2.12.jar;C:\Users\29256\.m2\repository\org\apache\logging\log4j\log4j-to-slf4j\2.17.2\log4j-to-slf4j-2.17.2.jar;C:\Users\29256\.m2\repository\org\apache\logging\log4j\log4j-api\2.17.2\log4j-api-2.17.2.jar;C:\Users\29256\.m2\repository\org\slf4j\jul-to-slf4j\1.7.36\jul-to-slf4j-1.7.36.jar;C:\Users\29256\.m2\repository\jakarta\annotation\jakarta.annotation-api\1.3.5\jakarta.annotation-api-1.3.5.jar;C:\Users\29256\.m2\repository\org\yaml\snakeyaml\1.30\snakeyaml-1.30.jar;C:\Users\29256\.m2\repository\org\springframework\boot\spring-boot-starter-json\2.7.16\spring-boot-starter-json-2.7.16.jar;C:\Users\29256\.m2\repository\com\fasterxml\jackson\datatype\jackson-datatype-jdk8\2.13.5\jackson-datatype-jdk8-2.13.5.jar;C:\Users\29256\.m2\repository\com\fasterxml\jackson\datatype\jackson-datatype-jsr310\2.13.5\jackson-datatype-jsr310-2.13.5.jar;C:\Users\29256\.m2\repository\com\fasterxml\jackson\module\jackson-module-parameter-names\2.13.5\jackson-module-parameter-names-2.13.5.jar;C:\Users\29256\.m2\repository\org\springframework\boot\spring-boot-starter-tomcat\2.7.16\spring-boot-starter-tomcat-2.7.16.jar;C:\Users\29256\.m2\repository\org\apache\tomcat\embed\tomcat-embed-core\9.0.80\tomcat-embed-core-9.0.80.jar;C:\Users\29256\.m2\repository\org\apache\tomcat\embed\tomcat-embed-el\9.0.80\tomcat-embed-el-9.0.80.jar;C:\Users\29256\.m2\repository\org\apache\tomcat\embed\tomcat-embed-websocket\9.0.80\tomcat-embed-websocket-9.0.80.jar;C:\Users\29256\.m2\repository\org\springframework\spring-web\5.3.30\spring-web-5.3.30.jar;C:\Users\29256\.m2\repository\org\springframework\spring-beans\5.3.30\spring-beans-5.3.30.jar;C:\Users\29256\.m2\repository\org\springframework\spring-webmvc\5.3.30\spring-webmvc-5.3.30.jar;C:\Users\29256\.m2\repository\org\springframework\spring-aop\5.3.30\spring-aop-5.3.30.jar;C:\Users\29256\.m2\repository\org\springframework\spring-context\5.3.30\spring-context-5.3.30.jar;C:\Users\29256\.m2\repository\org\springframework\spring-expression\5.3.30\spring-expression-5.3.30.jar;C:\Users\29256\.m2\repository\com\mysql\mysql-connector-j\8.0.33\mysql-connector-j-8.0.33.jar;C:\Users\29256\.m2\repository\org\projectlombok\lombok\1.18.30\lombok-1.18.30.jar;C:\Users\29256\.m2\repository\org\springframework\boot\spring-boot-starter-test\2.7.16\spring-boot-starter-test-2.7.16.jar;C:\Users\29256\.m2\repository\org\springframework\boot\spring-boot-test\2.7.16\spring-boot-test-2.7.16.jar;C:\Users\29256\.m2\repository\org\springframework\boot\spring-boot-test-autoconfigure\2.7.16\spring-boot-test-autoconfigure-2.7.16.jar;C:\Users\29256\.m2\repository\com\jayway\jsonpath\json-path\2.7.0\json-path-2.7.0.jar;C:\Users\29256\.m2\repository\net\minidev\json-smart\2.4.11\json-smart-2.4.11.jar;C:\Users\29256\.m2\repository\net\minidev\accessors-smart\2.4.11\accessors-smart-2.4.11.jar;C:\Users\29256\.m2\repository\org\ow2\asm\asm\9.3\asm-9.3.jar;C:\Users\29256\.m2\repository\jakarta\xml\bind\jakarta.xml.bind-api\2.3.3\jakarta.xml.bind-api-2.3.3.jar;C:\Users\29256\.m2\repository\jakarta\activation\jakarta.activation-api\1.2.2\jakarta.activation-api-1.2.2.jar;C:\Users\29256\.m2\repository\org\assertj\assertj-core\3.22.0\assertj-core-3.22.0.jar;C:\Users\29256\.m2\repository\org\hamcrest\hamcrest\2.2\hamcrest-2.2.jar;C:\Users\29256\.m2\repository\org\junit\jupiter\junit-jupiter\5.8.2\junit-jupiter-5.8.2.jar;C:\Users\29256\.m2\repository\org\junit\jupiter\junit-jupiter-api\5.8.2\junit-jupiter-api-5.8.2.jar;C:\Users\29256\.m2\repository\org\opentest4j\opentest4j\1.2.0\opentest4j-1.2.0.jar;C:\Users\29256\.m2\repository\org\junit\platform\junit-platform-commons\1.8.2\junit-platform-commons-1.8.2.jar;C:\Users\29256\.m2\repository\org\apiguardian\apiguardian-api\1.1.2\apiguardian-api-1.1.2.jar;C:\Users\29256\.m2\repository\org\junit\jupiter\junit-jupiter-params\5.8.2\junit-jupiter-params-5.8.2.jar;C:\Users\29256\.m2\repository\org\junit\jupiter\junit-jupiter-engine\5.8.2\junit-jupiter-engine-5.8.2.jar;C:\Users\29256\.m2\repository\org\junit\platform\junit-platform-engine\1.8.2\junit-platform-engine-1.8.2.jar;C:\Users\29256\.m2\repository\org\mockito\mockito-core\4.5.1\mockito-core-4.5.1.jar;C:\Users\29256\.m2\repository\net\bytebuddy\byte-buddy\1.12.23\byte-buddy-1.12.23.jar;C:\Users\29256\.m2\repository\net\bytebuddy\byte-buddy-agent\1.12.23\byte-buddy-agent-1.12.23.jar;C:\Users\29256\.m2\repository\org\objenesis\objenesis\3.2\objenesis-3.2.jar;C:\Users\29256\.m2\repository\org\mockito\mockito-junit-jupiter\4.5.1\mockito-junit-jupiter-4.5.1.jar;C:\Users\29256\.m2\repository\org\skyscreamer\jsonassert\1.5.1\jsonassert-1.5.1.jar;C:\Users\29256\.m2\repository\com\vaadin\external\google\android-json\0.0.20131108.vaadin1\android-json-0.0.20131108.vaadin1.jar;C:\Users\29256\.m2\repository\org\springframework\spring-core\5.3.30\spring-core-5.3.30.jar;C:\Users\29256\.m2\repository\org\springframework\spring-jcl\5.3.30\spring-jcl-5.3.30.jar;C:\Users\29256\.m2\repository\org\xmlunit\xmlunit-core\2.9.1\xmlunit-core-2.9.1.jar;C:\Users\29256\.m2\repository\com\baomidou\mybatis-plus-boot-starter\3.4.2\mybatis-plus-boot-starter-3.4.2.jar;C:\Users\29256\.m2\repository\com\baomidou\mybatis-plus\3.4.2\mybatis-plus-3.4.2.jar;C:\Users\29256\.m2\repository\com\baomidou\mybatis-plus-extension\3.4.2\mybatis-plus-extension-3.4.2.jar;C:\Users\29256\.m2\repository\com\baomidou\mybatis-plus-core\3.4.2\mybatis-plus-core-3.4.2.jar;C:\Users\29256\.m2\repository\com\baomidou\mybatis-plus-annotation\3.4.2\mybatis-plus-annotation-3.4.2.jar;C:\Users\29256\.m2\repository\com\github\jsqlparser\jsqlparser\4.0\jsqlparser-4.0.jar;C:\Users\29256\.m2\repository\org\mybatis\mybatis\3.5.6\mybatis-3.5.6.jar;C:\Users\29256\.m2\repository\org\mybatis\mybatis-spring\2.0.5\mybatis-spring-2.0.5.jar;C:\Users\29256\.m2\repository\org\springframework\boot\spring-boot-autoconfigure\2.7.16\spring-boot-autoconfigure-2.7.16.jar;C:\Users\29256\.m2\repository\org\springframework\boot\spring-boot-starter-jdbc\2.7.16\spring-boot-starter-jdbc-2.7.16.jar;C:\Users\29256\.m2\repository\com\zaxxer\HikariCP\4.0.3\HikariCP-4.0.3.jar;C:\Users\29256\.m2\repository\org\springframework\spring-jdbc\5.3.30\spring-jdbc-5.3.30.jar;C:\Users\29256\.m2\repository\io\jsonwebtoken\jjwt\0.9.1\jjwt-0.9.1.jar;C:\Users\29256\.m2\repository\com\fasterxml\jackson\core\jackson-databind\2.13.5\jackson-databind-2.13.5.jar;C:\Users\29256\.m2\repository\com\fasterxml\jackson\core\jackson-annotations\2.13.5\jackson-annotations-2.13.5.jar;C:\Users\29256\.m2\repository\com\fasterxml\jackson\core\jackson-core\2.13.5\jackson-core-2.13.5.jar;C:\Users\29256\.m2\repository\com\alibaba\fastjson\1.2.76\fastjson-1.2.76.jar;C:\Users\29256\.m2\repository\com\aliyun\oss\aliyun-sdk-oss\3.15.1\aliyun-sdk-oss-3.15.1.jar;C:\Users\29256\.m2\repository\org\apache\httpcomponents\httpclient\4.5.14\httpclient-4.5.14.jar;C:\Users\29256\.m2\repository\commons-codec\commons-codec\1.15\commons-codec-1.15.jar;C:\Users\29256\.m2\repository\org\jdom\jdom2\2.0.6.1\jdom2-2.0.6.1.jar;C:\Users\29256\.m2\repository\org\codehaus\jettison\jettison\1.1\jettison-1.1.jar;C:\Users\29256\.m2\repository\stax\stax-api\1.0.1\stax-api-1.0.1.jar;C:\Users\29256\.m2\repository\com\aliyun\aliyun-java-sdk-ram\3.1.0\aliyun-java-sdk-ram-3.1.0.jar;C:\Users\29256\.m2\repository\com\aliyun\aliyun-java-sdk-kms\2.11.0\aliyun-java-sdk-kms-2.11.0.jar;C:\Users\29256\.m2\repository\com\aliyun\aliyun-java-sdk-core\4.5.16\aliyun-java-sdk-core-4.5.16.jar;C:\Users\29256\.m2\repository\com\google\code\gson\gson\2.9.1\gson-2.9.1.jar;C:\Users\29256\.m2\repository\org\apache\httpcomponents\httpcore\4.4.16\httpcore-4.4.16.jar;C:\Users\29256\.m2\repository\commons-logging\commons-logging\1.2\commons-logging-1.2.jar;C:\Users\29256\.m2\repository\org\jacoco\org.jacoco.agent\0.8.6\org.jacoco.agent-0.8.6-runtime.jar;C:\Users\29256\.m2\repository\org\ini4j\ini4j\0.5.4\ini4j-0.5.4.jar;C:\Users\29256\.m2\repository\org\slf4j\slf4j-api\1.7.36\slf4j-api-1.7.36.jar;C:\Users\29256\.m2\repository\io\opentracing\opentracing-api\0.33.0\opentracing-api-0.33.0.jar;C:\Users\29256\.m2\repository\io\opentracing\opentracing-util\0.33.0\opentracing-util-0.33.0.jar;C:\Users\29256\.m2\repository\io\opentracing\opentracing-noop\0.33.0\opentracing-noop-0.33.0.jar;C:\Users\29256\.m2\repository\com\aliyun\aliyun-java-sdk-dysmsapi\2.1.0\aliyun-java-sdk-dysmsapi-2.1.0.jar;C:\Users\29256\.m2\repository\javax\xml\bind\jaxb-api\2.3.1\jaxb-api-2.3.1.jar;C:\Users\29256\.m2\repository\javax\activation\javax.activation-api\1.2.0\javax.activation-api-1.2.0.jar;C:\Users\29256\.m2\repository\com\aliyun\tea-openapi\0.0.13\tea-openapi-0.0.13.jar;C:\Users\29256\.m2\repository\com\aliyun\credentials-java\0.2.4\credentials-java-0.2.4.jar;C:\Users\29256\.m2\repository\com\sun\xml\bind\jaxb-core\2.3.0\jaxb-core-2.3.0.jar;C:\Users\29256\.m2\repository\com\sun\xml\bind\jaxb-impl\2.3.0\jaxb-impl-2.3.0.jar;C:\Users\29256\.m2\repository\com\aliyun\openapiutil\0.1.3\openapiutil-0.1.3.jar;C:\Users\29256\.m2\repository\org\bouncycastle\bcpkix-jdk15on\1.65\bcpkix-jdk15on-1.65.jar;C:\Users\29256\.m2\repository\org\bouncycastle\bcprov-jdk15on\1.65\bcprov-jdk15on-1.65.jar;C:\Users\29256\.m2\repository\com\aliyun\tea-console\0.0.1\tea-console-0.0.1.jar;C:\Users\29256\.m2\repository\com\aliyun\darabonba-env\0.1.1\darabonba-env-0.1.1.jar;C:\Users\29256\.m2\repository\com\aliyun\tea-util\0.2.11\tea-util-0.2.11.jar;C:\Users\29256\.m2\repository\com\aliyun\darabonba-time\0.0.1\darabonba-time-0.0.1.jar;C:\Users\29256\.m2\repository\com\aliyun\darabonba-string\0.0.3\darabonba-string-0.0.3.jar;C:\Users\29256\.m2\repository\com\aliyun\tea\1.2.7\tea-1.2.7.jar;C:\Users\29256\.m2\repository\com\squareup\okhttp3\okhttp\4.9.3\okhttp-4.9.3.jar;C:\Users\29256\.m2\repository\com\squareup\okio\okio\2.8.0\okio-2.8.0.jar;C:\Users\29256\.m2\repository\org\jetbrains\kotlin\kotlin-stdlib-common\1.6.21\kotlin-stdlib-common-1.6.21.jar;C:\Users\29256\.m2\repository\org\jetbrains\kotlin\kotlin-stdlib\1.6.21\kotlin-stdlib-1.6.21.jar;C:\Users\29256\.m2\repository\org\jetbrains\annotations\13.0\annotations-13.0.jar;C:\Users\29256\.m2\repository\javax\activation\activation\1.1.1\activation-1.1.1.jar;C:\Users\29256\.m2\repository\org\glassfish\jaxb\jaxb-runtime\2.3.3\jaxb-runtime-2.3.3.jar;C:\Users\29256\.m2\repository\org\glassfish\jaxb\txw2\2.3.8\txw2-2.3.8.jar;C:\Users\29256\.m2\repository\com\sun\istack\istack-commons-runtime\3.0.11\istack-commons-runtime-3.0.11.jar;C:\Users\29256\.m2\repository\com\sun\activation\jakarta.activation\1.2.2\jakarta.activation-1.2.2.jar;C:\Users\29256\.m2\repository\redis\clients\jedis\3.6.0\jedis-3.6.0.jar;C:\Users\29256\.m2\repository\org\apache\commons\commons-pool2\2.11.1\commons-pool2-2.11.1.jar;C:\Users\29256\.m2\repository\org\springframework\boot\spring-boot-starter-data-redis\2.7.16\spring-boot-starter-data-redis-2.7.16.jar;C:\Users\29256\.m2\repository\org\springframework\data\spring-data-redis\2.7.16\spring-data-redis-2.7.16.jar;C:\Users\29256\.m2\repository\org\springframework\data\spring-data-keyvalue\2.7.16\spring-data-keyvalue-2.7.16.jar;C:\Users\29256\.m2\repository\org\springframework\data\spring-data-commons\2.7.16\spring-data-commons-2.7.16.jar;C:\Users\29256\.m2\repository\org\springframework\spring-tx\5.3.30\spring-tx-5.3.30.jar;C:\Users\29256\.m2\repository\org\springframework\spring-oxm\5.3.30\spring-oxm-5.3.30.jar;C:\Users\29256\.m2\repository\io\lettuce\lettuce-core\6.1.10.RELEASE\lettuce-core-6.1.10.RELEASE.jar;C:\Users\29256\.m2\repository\io\netty\netty-common\4.1.97.Final\netty-common-4.1.97.Final.jar;C:\Users\29256\.m2\repository\io\netty\netty-handler\4.1.97.Final\netty-handler-4.1.97.Final.jar;C:\Users\29256\.m2\repository\io\netty\netty-resolver\4.1.97.Final\netty-resolver-4.1.97.Final.jar;C:\Users\29256\.m2\repository\io\netty\netty-buffer\4.1.97.Final\netty-buffer-4.1.97.Final.jar;C:\Users\29256\.m2\repository\io\netty\netty-transport-native-unix-common\4.1.97.Final\netty-transport-native-unix-common-4.1.97.Final.jar;C:\Users\29256\.m2\repository\io\netty\netty-codec\4.1.97.Final\netty-codec-4.1.97.Final.jar;C:\Users\29256\.m2\repository\io\netty\netty-transport\4.1.97.Final\netty-transport-4.1.97.Final.jar;C:\Users\29256\.m2\repository\io\projectreactor\reactor-core\3.4.32\reactor-core-3.4.32.jar;C:\Users\29256\.m2\repository\org\reactivestreams\reactive-streams\1.0.4\reactive-streams-1.0.4.jar;C:\Users\29256\.m2\repository\junit\junit\4.13.2\junit-4.13.2.jar;C:\Users\29256\.m2\repository\org\hamcrest\hamcrest-core\2.2\hamcrest-core-2.2.jar;C:\Users\29256\.m2\repository\org\springframework\boot\spring-boot-starter-cache\2.7.16\spring-boot-starter-cache-2.7.16.jar;C:\Users\29256\.m2\repository\org\springframework\spring-context-support\5.3.30\spring-context-support-5.3.30.jar;C:\Users\29256\.m2\repository\org\springframework\spring-test\5.3.10\spring-test-5.3.10.jar;C:\Users\29256\.m2\repository\com\aliyun\dysmsapi20170525\2.0.24\dysmsapi20170525-2.0.24.jar;C:\Users\29256\.m2\repository\com\aliyun\endpoint-util\0.0.7\endpoint-util-0.0.7.jar;C:\Users\29256\.m2\repository\org\apache\commons\commons-lang3\3.12.0\commons-lang3-3.12.0.jar;C:\Users\29256\.m2\repository\io\springfox\springfox-swagger2\2.9.2\springfox-swagger2-2.9.2.jar;C:\Users\29256\.m2\repository\io\swagger\swagger-annotations\1.5.20\swagger-annotations-1.5.20.jar;C:\Users\29256\.m2\repository\io\swagger\swagger-models\1.5.20\swagger-models-1.5.20.jar;C:\Users\29256\.m2\repository\io\springfox\springfox-spi\2.9.2\springfox-spi-2.9.2.jar;C:\Users\29256\.m2\repository\io\springfox\springfox-core\2.9.2\springfox-core-2.9.2.jar;C:\Users\29256\.m2\repository\io\springfox\springfox-schema\2.9.2\springfox-schema-2.9.2.jar;C:\Users\29256\.m2\repository\io\springfox\springfox-swagger-common\2.9.2\springfox-swagger-common-2.9.2.jar;C:\Users\29256\.m2\repository\io\springfox\springfox-spring-web\2.9.2\springfox-spring-web-2.9.2.jar;C:\Users\29256\.m2\repository\com\fasterxml\classmate\1.5.1\classmate-1.5.1.jar;C:\Users\29256\.m2\repository\org\springframework\plugin\spring-plugin-core\1.2.0.RELEASE\spring-plugin-core-1.2.0.RELEASE.jar;C:\Users\29256\.m2\repository\org\springframework\plugin\spring-plugin-metadata\1.2.0.RELEASE\spring-plugin-metadata-1.2.0.RELEASE.jar;C:\Users\29256\.m2\repository\org\mapstruct\mapstruct\1.2.0.Final\mapstruct-1.2.0.Final.jar;C:\Users\29256\.m2\repository\io\springfox\springfox-swagger-ui\2.9.2\springfox-swagger-ui-2.9.2.jar;C:\Users\29256\.m2\repository\com\google\guava\guava\20.0\guava-20.0.jar;"/>
    <property name="java.vm.vendor" value="Amazon.com Inc."/>
    <property name="sun.arch.data.model" value="64"/>
    <property name="user.variant" value=""/>
    <property name="java.vendor.url" value="https://aws.amazon.com/corretto/"/>
    <property name="user.timezone" value="Asia/Shanghai"/>
    <property name="java.vm.specification.version" value="11"/>
    <property name="os.name" value="Windows 11"/>
    <property name="sun.java.launcher" value="SUN_STANDARD"/>
    <property name="user.country" value="CN"/>
    <property name="sun.boot.library.path" value="C:\Users\29256\.jdks\corretto-11.0.20.1\bin"/>
    <property name="sun.java.command" value="C:\Users\29256\AppData\Local\Temp\surefire16517043193037552218\surefirebooter1653184040236922521.jar C:\Users\29256\AppData\Local\Temp\surefire16517043193037552218 2023-11-26T22-01-13_383-jvmRun1 surefire13121474056479103713tmp surefire_02454979286911145692tmp"/>
    <property name="jdk.debug" value="release"/>
    <property name="surefire.test.class.path" value="D:\webcode\reggie_waimai\target\test-classes;D:\webcode\reggie_waimai\target\classes;C:\Users\29256\.m2\repository\org\springframework\boot\spring-boot-starter-web\2.7.16\spring-boot-starter-web-2.7.16.jar;C:\Users\29256\.m2\repository\org\springframework\boot\spring-boot-starter\2.7.16\spring-boot-starter-2.7.16.jar;C:\Users\29256\.m2\repository\org\springframework\boot\spring-boot\2.7.16\spring-boot-2.7.16.jar;C:\Users\29256\.m2\repository\org\springframework\boot\spring-boot-starter-logging\2.7.16\spring-boot-starter-logging-2.7.16.jar;C:\Users\29256\.m2\repository\ch\qos\logback\logback-classic\1.2.12\logback-classic-1.2.12.jar;C:\Users\29256\.m2\repository\ch\qos\logback\logback-core\1.2.12\logback-core-1.2.12.jar;C:\Users\29256\.m2\repository\org\apache\logging\log4j\log4j-to-slf4j\2.17.2\log4j-to-slf4j-2.17.2.jar;C:\Users\29256\.m2\repository\org\apache\logging\log4j\log4j-api\2.17.2\log4j-api-2.17.2.jar;C:\Users\29256\.m2\repository\org\slf4j\jul-to-slf4j\1.7.36\jul-to-slf4j-1.7.36.jar;C:\Users\29256\.m2\repository\jakarta\annotation\jakarta.annotation-api\1.3.5\jakarta.annotation-api-1.3.5.jar;C:\Users\29256\.m2\repository\org\yaml\snakeyaml\1.30\snakeyaml-1.30.jar;C:\Users\29256\.m2\repository\org\springframework\boot\spring-boot-starter-json\2.7.16\spring-boot-starter-json-2.7.16.jar;C:\Users\29256\.m2\repository\com\fasterxml\jackson\datatype\jackson-datatype-jdk8\2.13.5\jackson-datatype-jdk8-2.13.5.jar;C:\Users\29256\.m2\repository\com\fasterxml\jackson\datatype\jackson-datatype-jsr310\2.13.5\jackson-datatype-jsr310-2.13.5.jar;C:\Users\29256\.m2\repository\com\fasterxml\jackson\module\jackson-module-parameter-names\2.13.5\jackson-module-parameter-names-2.13.5.jar;C:\Users\29256\.m2\repository\org\springframework\boot\spring-boot-starter-tomcat\2.7.16\spring-boot-starter-tomcat-2.7.16.jar;C:\Users\29256\.m2\repository\org\apache\tomcat\embed\tomcat-embed-core\9.0.80\tomcat-embed-core-9.0.80.jar;C:\Users\29256\.m2\repository\org\apache\tomcat\embed\tomcat-embed-el\9.0.80\tomcat-embed-el-9.0.80.jar;C:\Users\29256\.m2\repository\org\apache\tomcat\embed\tomcat-embed-websocket\9.0.80\tomcat-embed-websocket-9.0.80.jar;C:\Users\29256\.m2\repository\org\springframework\spring-web\5.3.30\spring-web-5.3.30.jar;C:\Users\29256\.m2\repository\org\springframework\spring-beans\5.3.30\spring-beans-5.3.30.jar;C:\Users\29256\.m2\repository\org\springframework\spring-webmvc\5.3.30\spring-webmvc-5.3.30.jar;C:\Users\29256\.m2\repository\org\springframework\spring-aop\5.3.30\spring-aop-5.3.30.jar;C:\Users\29256\.m2\repository\org\springframework\spring-context\5.3.30\spring-context-5.3.30.jar;C:\Users\29256\.m2\repository\org\springframework\spring-expression\5.3.30\spring-expression-5.3.30.jar;C:\Users\29256\.m2\repository\com\mysql\mysql-connector-j\8.0.33\mysql-connector-j-8.0.33.jar;C:\Users\29256\.m2\repository\org\projectlombok\lombok\1.18.30\lombok-1.18.30.jar;C:\Users\29256\.m2\repository\org\springframework\boot\spring-boot-starter-test\2.7.16\spring-boot-starter-test-2.7.16.jar;C:\Users\29256\.m2\repository\org\springframework\boot\spring-boot-test\2.7.16\spring-boot-test-2.7.16.jar;C:\Users\29256\.m2\repository\org\springframework\boot\spring-boot-test-autoconfigure\2.7.16\spring-boot-test-autoconfigure-2.7.16.jar;C:\Users\29256\.m2\repository\com\jayway\jsonpath\json-path\2.7.0\json-path-2.7.0.jar;C:\Users\29256\.m2\repository\net\minidev\json-smart\2.4.11\json-smart-2.4.11.jar;C:\Users\29256\.m2\repository\net\minidev\accessors-smart\2.4.11\accessors-smart-2.4.11.jar;C:\Users\29256\.m2\repository\org\ow2\asm\asm\9.3\asm-9.3.jar;C:\Users\29256\.m2\repository\jakarta\xml\bind\jakarta.xml.bind-api\2.3.3\jakarta.xml.bind-api-2.3.3.jar;C:\Users\29256\.m2\repository\jakarta\activation\jakarta.activation-api\1.2.2\jakarta.activation-api-1.2.2.jar;C:\Users\29256\.m2\repository\org\assertj\assertj-core\3.22.0\assertj-core-3.22.0.jar;C:\Users\29256\.m2\repository\org\hamcrest\hamcrest\2.2\hamcrest-2.2.jar;C:\Users\29256\.m2\repository\org\junit\jupiter\junit-jupiter\5.8.2\junit-jupiter-5.8.2.jar;C:\Users\29256\.m2\repository\org\junit\jupiter\junit-jupiter-api\5.8.2\junit-jupiter-api-5.8.2.jar;C:\Users\29256\.m2\repository\org\opentest4j\opentest4j\1.2.0\opentest4j-1.2.0.jar;C:\Users\29256\.m2\repository\org\junit\platform\junit-platform-commons\1.8.2\junit-platform-commons-1.8.2.jar;C:\Users\29256\.m2\repository\org\apiguardian\apiguardian-api\1.1.2\apiguardian-api-1.1.2.jar;C:\Users\29256\.m2\repository\org\junit\jupiter\junit-jupiter-params\5.8.2\junit-jupiter-params-5.8.2.jar;C:\Users\29256\.m2\repository\org\junit\jupiter\junit-jupiter-engine\5.8.2\junit-jupiter-engine-5.8.2.jar;C:\Users\29256\.m2\repository\org\junit\platform\junit-platform-engine\1.8.2\junit-platform-engine-1.8.2.jar;C:\Users\29256\.m2\repository\org\mockito\mockito-core\4.5.1\mockito-core-4.5.1.jar;C:\Users\29256\.m2\repository\net\bytebuddy\byte-buddy\1.12.23\byte-buddy-1.12.23.jar;C:\Users\29256\.m2\repository\net\bytebuddy\byte-buddy-agent\1.12.23\byte-buddy-agent-1.12.23.jar;C:\Users\29256\.m2\repository\org\objenesis\objenesis\3.2\objenesis-3.2.jar;C:\Users\29256\.m2\repository\org\mockito\mockito-junit-jupiter\4.5.1\mockito-junit-jupiter-4.5.1.jar;C:\Users\29256\.m2\repository\org\skyscreamer\jsonassert\1.5.1\jsonassert-1.5.1.jar;C:\Users\29256\.m2\repository\com\vaadin\external\google\android-json\0.0.20131108.vaadin1\android-json-0.0.20131108.vaadin1.jar;C:\Users\29256\.m2\repository\org\springframework\spring-core\5.3.30\spring-core-5.3.30.jar;C:\Users\29256\.m2\repository\org\springframework\spring-jcl\5.3.30\spring-jcl-5.3.30.jar;C:\Users\29256\.m2\repository\org\xmlunit\xmlunit-core\2.9.1\xmlunit-core-2.9.1.jar;C:\Users\29256\.m2\repository\com\baomidou\mybatis-plus-boot-starter\3.4.2\mybatis-plus-boot-starter-3.4.2.jar;C:\Users\29256\.m2\repository\com\baomidou\mybatis-plus\3.4.2\mybatis-plus-3.4.2.jar;C:\Users\29256\.m2\repository\com\baomidou\mybatis-plus-extension\3.4.2\mybatis-plus-extension-3.4.2.jar;C:\Users\29256\.m2\repository\com\baomidou\mybatis-plus-core\3.4.2\mybatis-plus-core-3.4.2.jar;C:\Users\29256\.m2\repository\com\baomidou\mybatis-plus-annotation\3.4.2\mybatis-plus-annotation-3.4.2.jar;C:\Users\29256\.m2\repository\com\github\jsqlparser\jsqlparser\4.0\jsqlparser-4.0.jar;C:\Users\29256\.m2\repository\org\mybatis\mybatis\3.5.6\mybatis-3.5.6.jar;C:\Users\29256\.m2\repository\org\mybatis\mybatis-spring\2.0.5\mybatis-spring-2.0.5.jar;C:\Users\29256\.m2\repository\org\springframework\boot\spring-boot-autoconfigure\2.7.16\spring-boot-autoconfigure-2.7.16.jar;C:\Users\29256\.m2\repository\org\springframework\boot\spring-boot-starter-jdbc\2.7.16\spring-boot-starter-jdbc-2.7.16.jar;C:\Users\29256\.m2\repository\com\zaxxer\HikariCP\4.0.3\HikariCP-4.0.3.jar;C:\Users\29256\.m2\repository\org\springframework\spring-jdbc\5.3.30\spring-jdbc-5.3.30.jar;C:\Users\29256\.m2\repository\io\jsonwebtoken\jjwt\0.9.1\jjwt-0.9.1.jar;C:\Users\29256\.m2\repository\com\fasterxml\jackson\core\jackson-databind\2.13.5\jackson-databind-2.13.5.jar;C:\Users\29256\.m2\repository\com\fasterxml\jackson\core\jackson-annotations\2.13.5\jackson-annotations-2.13.5.jar;C:\Users\29256\.m2\repository\com\fasterxml\jackson\core\jackson-core\2.13.5\jackson-core-2.13.5.jar;C:\Users\29256\.m2\repository\com\alibaba\fastjson\1.2.76\fastjson-1.2.76.jar;C:\Users\29256\.m2\repository\com\aliyun\oss\aliyun-sdk-oss\3.15.1\aliyun-sdk-oss-3.15.1.jar;C:\Users\29256\.m2\repository\org\apache\httpcomponents\httpclient\4.5.14\httpclient-4.5.14.jar;C:\Users\29256\.m2\repository\commons-codec\commons-codec\1.15\commons-codec-1.15.jar;C:\Users\29256\.m2\repository\org\jdom\jdom2\2.0.6.1\jdom2-2.0.6.1.jar;C:\Users\29256\.m2\repository\org\codehaus\jettison\jettison\1.1\jettison-1.1.jar;C:\Users\29256\.m2\repository\stax\stax-api\1.0.1\stax-api-1.0.1.jar;C:\Users\29256\.m2\repository\com\aliyun\aliyun-java-sdk-ram\3.1.0\aliyun-java-sdk-ram-3.1.0.jar;C:\Users\29256\.m2\repository\com\aliyun\aliyun-java-sdk-kms\2.11.0\aliyun-java-sdk-kms-2.11.0.jar;C:\Users\29256\.m2\repository\com\aliyun\aliyun-java-sdk-core\4.5.16\aliyun-java-sdk-core-4.5.16.jar;C:\Users\29256\.m2\repository\com\google\code\gson\gson\2.9.1\gson-2.9.1.jar;C:\Users\29256\.m2\repository\org\apache\httpcomponents\httpcore\4.4.16\httpcore-4.4.16.jar;C:\Users\29256\.m2\repository\commons-logging\commons-logging\1.2\commons-logging-1.2.jar;C:\Users\29256\.m2\repository\org\jacoco\org.jacoco.agent\0.8.6\org.jacoco.agent-0.8.6-runtime.jar;C:\Users\29256\.m2\repository\org\ini4j\ini4j\0.5.4\ini4j-0.5.4.jar;C:\Users\29256\.m2\repository\org\slf4j\slf4j-api\1.7.36\slf4j-api-1.7.36.jar;C:\Users\29256\.m2\repository\io\opentracing\opentracing-api\0.33.0\opentracing-api-0.33.0.jar;C:\Users\29256\.m2\repository\io\opentracing\opentracing-util\0.33.0\opentracing-util-0.33.0.jar;C:\Users\29256\.m2\repository\io\opentracing\opentracing-noop\0.33.0\opentracing-noop-0.33.0.jar;C:\Users\29256\.m2\repository\com\aliyun\aliyun-java-sdk-dysmsapi\2.1.0\aliyun-java-sdk-dysmsapi-2.1.0.jar;C:\Users\29256\.m2\repository\javax\xml\bind\jaxb-api\2.3.1\jaxb-api-2.3.1.jar;C:\Users\29256\.m2\repository\javax\activation\javax.activation-api\1.2.0\javax.activation-api-1.2.0.jar;C:\Users\29256\.m2\repository\com\aliyun\tea-openapi\0.0.13\tea-openapi-0.0.13.jar;C:\Users\29256\.m2\repository\com\aliyun\credentials-java\0.2.4\credentials-java-0.2.4.jar;C:\Users\29256\.m2\repository\com\sun\xml\bind\jaxb-core\2.3.0\jaxb-core-2.3.0.jar;C:\Users\29256\.m2\repository\com\sun\xml\bind\jaxb-impl\2.3.0\jaxb-impl-2.3.0.jar;C:\Users\29256\.m2\repository\com\aliyun\openapiutil\0.1.3\openapiutil-0.1.3.jar;C:\Users\29256\.m2\repository\org\bouncycastle\bcpkix-jdk15on\1.65\bcpkix-jdk15on-1.65.jar;C:\Users\29256\.m2\repository\org\bouncycastle\bcprov-jdk15on\1.65\bcprov-jdk15on-1.65.jar;C:\Users\29256\.m2\repository\com\aliyun\tea-console\0.0.1\tea-console-0.0.1.jar;C:\Users\29256\.m2\repository\com\aliyun\darabonba-env\0.1.1\darabonba-env-0.1.1.jar;C:\Users\29256\.m2\repository\com\aliyun\tea-util\0.2.11\tea-util-0.2.11.jar;C:\Users\29256\.m2\repository\com\aliyun\darabonba-time\0.0.1\darabonba-time-0.0.1.jar;C:\Users\29256\.m2\repository\com\aliyun\darabonba-string\0.0.3\darabonba-string-0.0.3.jar;C:\Users\29256\.m2\repository\com\aliyun\tea\1.2.7\tea-1.2.7.jar;C:\Users\29256\.m2\repository\com\squareup\okhttp3\okhttp\4.9.3\okhttp-4.9.3.jar;C:\Users\29256\.m2\repository\com\squareup\okio\okio\2.8.0\okio-2.8.0.jar;C:\Users\29256\.m2\repository\org\jetbrains\kotlin\kotlin-stdlib-common\1.6.21\kotlin-stdlib-common-1.6.21.jar;C:\Users\29256\.m2\repository\org\jetbrains\kotlin\kotlin-stdlib\1.6.21\kotlin-stdlib-1.6.21.jar;C:\Users\29256\.m2\repository\org\jetbrains\annotations\13.0\annotations-13.0.jar;C:\Users\29256\.m2\repository\javax\activation\activation\1.1.1\activation-1.1.1.jar;C:\Users\29256\.m2\repository\org\glassfish\jaxb\jaxb-runtime\2.3.3\jaxb-runtime-2.3.3.jar;C:\Users\29256\.m2\repository\org\glassfish\jaxb\txw2\2.3.8\txw2-2.3.8.jar;C:\Users\29256\.m2\repository\com\sun\istack\istack-commons-runtime\3.0.11\istack-commons-runtime-3.0.11.jar;C:\Users\29256\.m2\repository\com\sun\activation\jakarta.activation\1.2.2\jakarta.activation-1.2.2.jar;C:\Users\29256\.m2\repository\redis\clients\jedis\3.6.0\jedis-3.6.0.jar;C:\Users\29256\.m2\repository\org\apache\commons\commons-pool2\2.11.1\commons-pool2-2.11.1.jar;C:\Users\29256\.m2\repository\org\springframework\boot\spring-boot-starter-data-redis\2.7.16\spring-boot-starter-data-redis-2.7.16.jar;C:\Users\29256\.m2\repository\org\springframework\data\spring-data-redis\2.7.16\spring-data-redis-2.7.16.jar;C:\Users\29256\.m2\repository\org\springframework\data\spring-data-keyvalue\2.7.16\spring-data-keyvalue-2.7.16.jar;C:\Users\29256\.m2\repository\org\springframework\data\spring-data-commons\2.7.16\spring-data-commons-2.7.16.jar;C:\Users\29256\.m2\repository\org\springframework\spring-tx\5.3.30\spring-tx-5.3.30.jar;C:\Users\29256\.m2\repository\org\springframework\spring-oxm\5.3.30\spring-oxm-5.3.30.jar;C:\Users\29256\.m2\repository\io\lettuce\lettuce-core\6.1.10.RELEASE\lettuce-core-6.1.10.RELEASE.jar;C:\Users\29256\.m2\repository\io\netty\netty-common\4.1.97.Final\netty-common-4.1.97.Final.jar;C:\Users\29256\.m2\repository\io\netty\netty-handler\4.1.97.Final\netty-handler-4.1.97.Final.jar;C:\Users\29256\.m2\repository\io\netty\netty-resolver\4.1.97.Final\netty-resolver-4.1.97.Final.jar;C:\Users\29256\.m2\repository\io\netty\netty-buffer\4.1.97.Final\netty-buffer-4.1.97.Final.jar;C:\Users\29256\.m2\repository\io\netty\netty-transport-native-unix-common\4.1.97.Final\netty-transport-native-unix-common-4.1.97.Final.jar;C:\Users\29256\.m2\repository\io\netty\netty-codec\4.1.97.Final\netty-codec-4.1.97.Final.jar;C:\Users\29256\.m2\repository\io\netty\netty-transport\4.1.97.Final\netty-transport-4.1.97.Final.jar;C:\Users\29256\.m2\repository\io\projectreactor\reactor-core\3.4.32\reactor-core-3.4.32.jar;C:\Users\29256\.m2\repository\org\reactivestreams\reactive-streams\1.0.4\reactive-streams-1.0.4.jar;C:\Users\29256\.m2\repository\junit\junit\4.13.2\junit-4.13.2.jar;C:\Users\29256\.m2\repository\org\hamcrest\hamcrest-core\2.2\hamcrest-core-2.2.jar;C:\Users\29256\.m2\repository\org\springframework\boot\spring-boot-starter-cache\2.7.16\spring-boot-starter-cache-2.7.16.jar;C:\Users\29256\.m2\repository\org\springframework\spring-context-support\5.3.30\spring-context-support-5.3.30.jar;C:\Users\29256\.m2\repository\org\springframework\spring-test\5.3.10\spring-test-5.3.10.jar;C:\Users\29256\.m2\repository\com\aliyun\dysmsapi20170525\2.0.24\dysmsapi20170525-2.0.24.jar;C:\Users\29256\.m2\repository\com\aliyun\endpoint-util\0.0.7\endpoint-util-0.0.7.jar;C:\Users\29256\.m2\repository\org\apache\commons\commons-lang3\3.12.0\commons-lang3-3.12.0.jar;C:\Users\29256\.m2\repository\io\springfox\springfox-swagger2\2.9.2\springfox-swagger2-2.9.2.jar;C:\Users\29256\.m2\repository\io\swagger\swagger-annotations\1.5.20\swagger-annotations-1.5.20.jar;C:\Users\29256\.m2\repository\io\swagger\swagger-models\1.5.20\swagger-models-1.5.20.jar;C:\Users\29256\.m2\repository\io\springfox\springfox-spi\2.9.2\springfox-spi-2.9.2.jar;C:\Users\29256\.m2\repository\io\springfox\springfox-core\2.9.2\springfox-core-2.9.2.jar;C:\Users\29256\.m2\repository\io\springfox\springfox-schema\2.9.2\springfox-schema-2.9.2.jar;C:\Users\29256\.m2\repository\io\springfox\springfox-swagger-common\2.9.2\springfox-swagger-common-2.9.2.jar;C:\Users\29256\.m2\repository\io\springfox\springfox-spring-web\2.9.2\springfox-spring-web-2.9.2.jar;C:\Users\29256\.m2\repository\com\fasterxml\classmate\1.5.1\classmate-1.5.1.jar;C:\Users\29256\.m2\repository\org\springframework\plugin\spring-plugin-core\1.2.0.RELEASE\spring-plugin-core-1.2.0.RELEASE.jar;C:\Users\29256\.m2\repository\org\springframework\plugin\spring-plugin-metadata\1.2.0.RELEASE\spring-plugin-metadata-1.2.0.RELEASE.jar;C:\Users\29256\.m2\repository\org\mapstruct\mapstruct\1.2.0.Final\mapstruct-1.2.0.Final.jar;C:\Users\29256\.m2\repository\io\springfox\springfox-swagger-ui\2.9.2\springfox-swagger-ui-2.9.2.jar;C:\Users\29256\.m2\repository\com\google\guava\guava\20.0\guava-20.0.jar;"/>
    <property name="sun.cpu.endian" value="little"/>
    <property name="user.home" value="C:\Users\29256"/>
    <property name="user.language" value="zh"/>
    <property name="java.specification.vendor" value="Oracle Corporation"/>
    <property name="java.version.date" value="2023-08-22"/>
    <property name="java.home" value="C:\Users\29256\.jdks\corretto-11.0.20.1"/>
    <property name="file.separator" value="\"/>
    <property name="basedir" value="D:\webcode\reggie_waimai"/>
    <property name="java.vm.compressedOopsMode" value="Zero based"/>
    <property name="line.separator" value="&#10;"/>
    <property name="java.specification.name" value="Java Platform API Specification"/>
    <property name="java.vm.specification.vendor" value="Oracle Corporation"/>
    <property name="java.awt.graphicsenv" value="sun.awt.Win32GraphicsEnvironment"/>
    <property name="surefire.real.class.path" value="C:\Users\29256\AppData\Local\Temp\surefire16517043193037552218\surefirebooter1653184040236922521.jar"/>
    <property name="user.script" value=""/>
    <property name="sun.management.compiler" value="HotSpot 64-Bit Tiered Compilers"/>
    <property name="java.runtime.version" value="11.0.20.1+9-LTS"/>
    <property name="user.name" value="daiaowen"/>
    <property name="path.separator" value=";"/>
    <property name="os.version" value="10.0"/>
    <property name="java.runtime.name" value="OpenJDK Runtime Environment"/>
    <property name="file.encoding" value="GBK"/>
    <property name="java.vm.name" value="OpenJDK 64-Bit Server VM"/>
    <property name="java.vendor.version" value="Corretto-11.0.20.9.1"/>
    <property name="localRepository" value="C:\Users\29256\.m2\repository"/>
    <property name="java.vendor.url.bug" value="https://github.com/corretto/corretto-11/issues/"/>
    <property name="java.io.tmpdir" value="C:\Users\29256\AppData\Local\Temp\"/>
    <property name="idea.version" value="2023.1.1"/>
    <property name="java.version" value="11.0.20.1"/>
    <property name="user.dir" value="D:\webcode\reggie_waimai"/>
    <property name="os.arch" value="amd64"/>
    <property name="java.vm.specification.name" value="Java Virtual Machine Specification"/>
    <property name="java.awt.printerjob" value="sun.awt.windows.WPrinterJob"/>
    <property name="sun.os.patch.level" value=""/>
    <property name="java.library.path" value="C:\Users\29256\.jdks\corretto-11.0.20.1\bin;C:\WINDOWS\Sun\Java\bin;C:\WINDOWS\system32;C:\WINDOWS;D:\anaconda\condabin;D:\CUDA\libnvvp;D:\Scripts\;D:\;D:\yyaz\bin\;C:\Windows\system32;C:\Windows;C:\Windows\System32\Wbem;C:\Windows\System32\WindowsPowerShell\v1.0\;C:\Windows\System32\OpenSSH\;C:\WINDOWS\system32;C:\WINDOWS;C:\WINDOWS\System32\Wbem;C:\WINDOWS\System32\WindowsPowerShell\v1.0\;C:\WINDOWS\System32\OpenSSH\;C:\Program Files\dotnet\;D:\java\maven\apache-maven-3.9.0\bin;D:\tesseract;D:\tesseract\tessdata;D:\anaconda\Scripts;D:\anaconda;D:\anaconda\Library\bin;D:\anaconda\Library\mingw-w64\bin;D:\Git\cmd;D:\anaconda\envs\jxqxm\Scripts;C:\Program Files\NVIDIA Corporation\Nsight Compute 2023.1.0\;C:\Program Files (x86)\NVIDIA Corporation\PhysX\Common;C:\Program Files\NVIDIA Corporation\NVIDIA NvDLISR;D:\CUDA\include;D:\CUDA\bin;D:\CUDA\lib;C:\Program Files\usbipd-win\;D:\mysql\mysql-8.0.31-winx64\bin;D:\Microsoft VS Code\bin;C:\ProgramData\chocolatey\bin;D:\Node.js\;D:\java_sdk_test\bin;%ANDROID_HOME%\tools;%ANDROID_HOME%\platform-tools;%MAVEN_HOME%\bin;D:\mysql\bin;D:\anaconda;D:\anaconda\Library\mingw-w64\bin;D:\anaconda\Library\usr\bin;D:\anaconda\Library\bin;D:\anaconda\Scripts;D:\Scripts\;D:\;C:\Users\29256\AppData\Local\Microsoft\WindowsApps;C:\Users\29256\.dotnet\tools;D:\java\IntelliJ IDEA Community Edition 2022.3.2\bin;D:\java\IntelliJ IDEA 2023.1.1\bin;D:\CLion 2023.1.5\bin;D:\python a\PyCharm Community Edition 2022.3.3\bin;%MYSQL_HOME%\bin;C:\Users\29256\AppData\Roaming\npm;C:\Users\29256\AppData\Local\JetBrains\Toolbox\scripts;D:\WebStorm 2023.2.1\bin;;D:\桌面\android-sdk_r24.4.1-windows\android-sdk-windows\platform-tools;D:\桌面\android-sdk_r24.4.1-windows\android-sdk-windows\tools;D:\桌面\gradle-8.3\bin;D:\maven\bin;;."/>
    <property name="java.vm.info" value="mixed mode"/>
    <property name="java.vendor" value="Amazon.com Inc."/>
    <property name="java.vm.version" value="11.0.20.1+9-LTS"/>
    <property name="java.specification.maintenance.version" value="2"/>
    <property name="sun.io.unicode.encoding" value="UnicodeLittle"/>
    <property name="java.class.version" value="55.0"/>
  </properties>
  <testcase name="tets" classname="com.example.reggie_waimai.ReggieWaimaiApplicationTests" time="2.238"/>
  <testcase name="contextLoads" classname="com.example.reggie_waimai.ReggieWaimaiApplicationTests" time="0.032"/>
</testsuite>